# JRE version: Java(TM) SE Runtime Environment (8.0_45-b15) (build 1.8.0_45-b15)
# Java VM: Java HotSpot(TM) 64-Bit Server VM (25.45-b02 mixed mode windows-amd64 compressed oops)
Heap:
 PSYoungGen      total 525824K, used 382136K [0x000000076ad80000, 0x000000078b080000, 0x00000007c0000000)
  eden space 524288K, 72% used [0x000000076ad80000,0x000000078229e200,0x000000078ad80000)
  from space 1536K, 4% used [0x000000078af00000,0x000000078af10000,0x000000078b080000)
  to   space 1536K, 0% used [0x000000078ad80000,0x000000078ad80000,0x000000078af00000)
 ParOldGen       total 175104K, used 880K [0x00000006c0800000, 0x00000006cb300000, 0x000000076ad80000)
  object space 175104K, 0% used [0x00000006c0800000,0x00000006c08dc050,0x00000006cb300000)
 Metaspace       used 4760K, capacity 5176K, committed 5248K, reserved 1056768K
  class space    used 548K, capacity 625K, committed 640K, reserved 1048576K
GC Heap History (10 events):
Event: 0.688 GC heap before
{Heap before GC invocations=4 (full 0):
 PSYoungGen      total 76288K, used 66416K [0x000000076ad80000, 0x0000000774280000, 0x00000007c0000000)
  eden space 65536K, 100% used [0x000000076ad80000,0x000000076ed80000,0x000000076ed80000)
  from space 10752K, 8% used [0x000000076ed80000,0x000000076ee5c010,0x000000076f800000)
  to   space 10752K, 0% used [0x0000000773800000,0x0000000773800000,0x0000000774280000)
 ParOldGen       total 175104K, used 24K [0x00000006c0800000, 0x00000006cb300000, 0x000000076ad80000)
  object space 175104K, 0% used [0x00000006c0800000,0x00000006c0806000,0x00000006cb300000)
 Metaspace       used 4674K, capacity 5110K, committed 5248K, reserved 1056768K
  class space    used 545K, capacity 623K, committed 640K, reserved 1048576K
Event: 0.690 GC heap after
Heap after GC invocations=4 (full 0):
 PSYoungGen      total 141824K, used 848K [0x000000076ad80000, 0x0000000774280000, 0x00000007c0000000)
  eden space 131072K, 0% used [0x000000076ad80000,0x000000076ad80000,0x0000000772d80000)
  from space 10752K, 7% used [0x0000000773800000,0x00000007738d4010,0x0000000774280000)
  to   space 10752K, 0% used [0x0000000772d80000,0x0000000772d80000,0x0000000773800000)
 ParOldGen       total 175104K, used 32K [0x00000006c0800000, 0x00000006cb300000, 0x000000076ad80000)
  object space 175104K, 0% used [0x00000006c0800000,0x00000006c0808000,0x00000006cb300000)
 Metaspace       used 4674K, capacity 5110K, committed 5248K, reserved 1056768K
  class space    used 545K, capacity 623K, committed 640K, reserved 1048576K
}
Event: 0.829 GC heap before
{Heap before GC invocations=5 (full 0):
 PSYoungGen      total 141824K, used 131920K [0x000000076ad80000, 0x0000000774280000, 0x00000007c0000000)
  eden space 131072K, 100% used [0x000000076ad80000,0x0000000772d80000,0x0000000772d80000)
  from space 10752K, 7% used [0x0000000773800000,0x00000007738d4010,0x0000000774280000)
  to   space 10752K, 0% used [0x0000000772d80000,0x0000000772d80000,0x0000000773800000)
 ParOldGen       total 175104K, used 32K [0x00000006c0800000, 0x00000006cb300000, 0x000000076ad80000)
  object space 175104K, 0% used [0x00000006c0800000,0x00000006c0808000,0x00000006cb300000)
 Metaspace       used 4675K, capacity 5110K, committed 5248K, reserved 1056768K
  class space    used 545K, capacity 623K, committed 640K, reserved 1048576K
Event: 0.831 GC heap after
Heap after GC invocations=5 (full 0):
 PSYoungGen      total 141824K, used 912K [0x000000076ad80000, 0x000000077af80000, 0x00000007c0000000)
  eden space 131072K, 0% used [0x000000076ad80000,0x000000076ad80000,0x0000000772d80000)
  from space 10752K, 8% used [0x0000000772d80000,0x0000000772e64010,0x0000000773800000)
  to   space 1024K, 0% used [0x000000077ae80000,0x000000077ae80000,0x000000077af80000)
 ParOldGen       total 175104K, used 40K [0x00000006c0800000, 0x00000006cb300000, 0x000000076ad80000)
  object space 175104K, 0% used [0x00000006c0800000,0x00000006c080a000,0x00000006cb300000)
 Metaspace       used 4675K, capacity 5110K, committed 5248K, reserved 1056768K
  class space    used 545K, capacity 623K, committed 640K, reserved 1048576K
}
Event: 0.941 GC heap before
{Heap before GC invocations=6 (full 0):
 PSYoungGen      total 141824K, used 131984K [0x000000076ad80000, 0x000000077af80000, 0x00000007c0000000)
  eden space 131072K, 100% used [0x000000076ad80000,0x0000000772d80000,0x0000000772d80000)
  from space 10752K, 8% used [0x0000000772d80000,0x0000000772e64010,0x0000000773800000)
  to   space 1024K, 0% used [0x000000077ae80000,0x000000077ae80000,0x000000077af80000)
 ParOldGen       total 175104K, used 40K [0x00000006c0800000, 0x00000006cb300000, 0x000000076ad80000)
  object space 175104K, 0% used [0x00000006c0800000,0x00000006c080a000,0x00000006cb300000)
 Metaspace       used 4675K, capacity 5110K, committed 5248K, reserved 1056768K
  class space    used 545K, capacity 623K, committed 640K, reserved 1048576K
Event: 0.943 GC heap after
Heap after GC invocations=6 (full 0):
 PSYoungGen      total 263168K, used 928K [0x000000076ad80000, 0x000000077af80000, 0x00000007c0000000)
  eden space 262144K, 0% used [0x000000076ad80000,0x000000076ad80000,0x000000077ad80000)
  from space 1024K, 90% used [0x000000077ae80000,0x000000077af68000,0x000000077af80000)
  to   space 1024K, 0% used [0x000000077ad80000,0x000000077ad80000,0x000000077ae80000)
 ParOldGen       total 175104K, used 48K [0x00000006c0800000, 0x00000006cb300000, 0x000000076ad80000)
  object space 175104K, 0% used [0x00000006c0800000,0x00000006c080c000,0x00000006cb300000)
 Metaspace       used 4675K, capacity 5110K, committed 5248K, reserved 1056768K
  class space    used 545K, capacity 623K, committed 640K, reserved 1048576K
}
Event: 1.292 GC heap before
{Heap before GC invocations=7 (full 0):
 PSYoungGen      total 263168K, used 263072K [0x000000076ad80000, 0x000000077af80000, 0x00000007c0000000)
  eden space 262144K, 100% used [0x000000076ad80000,0x000000077ad80000,0x000000077ad80000)
  from space 1024K, 90% used [0x000000077ae80000,0x000000077af68000,0x000000077af80000)
  to   space 1024K, 0% used [0x000000077ad80000,0x000000077ad80000,0x000000077ae80000)
 ParOldGen       total 175104K, used 48K [0x00000006c0800000, 0x00000006cb300000, 0x000000076ad80000)
  object space 175104K, 0% used [0x00000006c0800000,0x00000006c080c000,0x00000006cb300000)
 Metaspace       used 4675K, capacity 5110K, committed 5248K, reserved 1056768K
  class space    used 545K, capacity 623K, committed 640K, reserved 1048576K
Event: 1.295 GC heap after
Heap after GC invocations=7 (full 0):
 PSYoungGen      total 263168K, used 96K [0x000000076ad80000, 0x000000078b080000, 0x00000007c0000000)
  eden space 262144K, 0% used [0x000000076ad80000,0x000000076ad80000,0x000000077ad80000)
  from space 1024K, 9% used [0x000000077ad80000,0x000000077ad98000,0x000000077ae80000)
  to   space 1536K, 0% used [0x000000078af00000,0x000000078af00000,0x000000078b080000)
 ParOldGen       total 175104K, used 864K [0x00000006c0800000, 0x00000006cb300000, 0x000000076ad80000)
  object space 175104K, 0% used [0x00000006c0800000,0x00000006c08d8050,0x00000006cb300000)
 Metaspace       used 4675K, capacity 5110K, committed 5248K, reserved 1056768K
  class space    used 545K, capacity 623K, committed 640K, reserved 1048576K
}
Event: 1.619 GC heap before
{Heap before GC invocations=8 (full 0):
 PSYoungGen      total 263168K, used 262240K [0x000000076ad80000, 0x000000078b080000, 0x00000007c0000000)
  eden space 262144K, 100% used [0x000000076ad80000,0x000000077ad80000,0x000000077ad80000)
  from space 1024K, 9% used [0x000000077ad80000,0x000000077ad98000,0x000000077ae80000)
  to   space 1536K, 0% used [0x000000078af00000,0x000000078af00000,0x000000078b080000)
 ParOldGen       total 175104K, used 864K [0x00000006c0800000, 0x00000006cb300000, 0x000000076ad80000)
  object space 175104K, 0% used [0x00000006c0800000,0x00000006c08d8050,0x00000006cb300000)
 Metaspace       used 4675K, capacity 5110K, committed 5248K, reserved 1056768K
  class space    used 545K, capacity 623K, committed 640K, reserved 1048576K
Event: 1.620 GC heap after
Heap after GC invocations=8 (full 0):
 PSYoungGen      total 525824K, used 64K [0x000000076ad80000, 0x000000078b080000, 0x00000007c0000000)
  eden space 524288K, 0% used [0x000000076ad80000,0x000000076ad80000,0x000000078ad80000)
  from space 1536K, 4% used [0x000000078af00000,0x000000078af10000,0x000000078b080000)
  to   space 1536K, 0% used [0x000000078ad80000,0x000000078ad80000,0x000000078af00000)
 ParOldGen       total 175104K, used 880K [0x00000006c0800000, 0x00000006cb300000, 0x000000076ad80000)
  object space 175104K, 0% used [0x00000006c0800000,0x00000006c08dc050,0x00000006cb300000)
 Metaspace       used 4675K, capacity 5110K, committed 5248K, reserved 1056768K
  class space    used 545K, capacity 623K, committed 640K, reserved 1048576K
}

