# JRE version: Java(TM) SE Runtime Environment (8.0_45-b15) (build 1.8.0_45-b15)
# Java VM: Java HotSpot(TM) 64-Bit Server VM (25.45-b02 mixed mode windows-amd64 compressed oops)
Heap:
 PSYoungGen      total 274944K, used 109940K [0x000000076ad80000, 0x00000007bc300000, 0x00000007c0000000)
  eden space 274432K, 39% used [0x000000076ad80000,0x00000007718a52e8,0x000000077b980000)
  from space 512K, 43% used [0x00000007bc200000,0x00000007bc238000,0x00000007bc280000)
  to   space 512K, 0% used [0x00000007bc280000,0x00000007bc280000,0x00000007bc300000)
 ParOldGen       total 175104K, used 31948K [0x00000006c0800000, 0x00000006cb300000, 0x000000076ad80000)
  object space 175104K, 18% used [0x00000006c0800000,0x00000006c27330e0,0x00000006cb300000)
 Metaspace       used 5771K, capacity 6134K, committed 6400K, reserved 1056768K
  class space    used 631K, capacity 741K, committed 768K, reserved 1048576K
GC Heap History (10 events):
Event: 120.275 GC heap before
{Heap before GC invocations=1043 (full 0):
 PSYoungGen      total 337920K, used 337728K [0x000000076ad80000, 0x00000007bc300000, 0x00000007c0000000)
  eden space 337408K, 100% used [0x000000076ad80000,0x000000077f700000,0x000000077f700000)
  from space 512K, 62% used [0x00000007bc280000,0x00000007bc2d0000,0x00000007bc300000)
  to   space 512K, 0% used [0x00000007bc200000,0x00000007bc200000,0x00000007bc280000)
 ParOldGen       total 175104K, used 31724K [0x00000006c0800000, 0x00000006cb300000, 0x000000076ad80000)
  object space 175104K, 18% used [0x00000006c0800000,0x00000006c26fb0e0,0x00000006cb300000)
 Metaspace       used 5116K, capacity 5426K, committed 5632K, reserved 1056768K
  class space    used 585K, capacity 673K, committed 768K, reserved 1048576K
Event: 120.277 GC heap after
Heap after GC invocations=1043 (full 0):
 PSYoungGen      total 324096K, used 160K [0x000000076ad80000, 0x00000007bc300000, 0x00000007c0000000)
  eden space 323584K, 0% used [0x000000076ad80000,0x000000076ad80000,0x000000077e980000)
  from space 512K, 31% used [0x00000007bc200000,0x00000007bc228000,0x00000007bc280000)
  to   space 512K, 0% used [0x00000007bc280000,0x00000007bc280000,0x00000007bc300000)
 ParOldGen       total 175104K, used 31772K [0x00000006c0800000, 0x00000006cb300000, 0x000000076ad80000)
  object space 175104K, 18% used [0x00000006c0800000,0x00000006c27070e0,0x00000006cb300000)
 Metaspace       used 5116K, capacity 5426K, committed 5632K, reserved 1056768K
  class space    used 585K, capacity 673K, committed 768K, reserved 1048576K
}
Event: 120.483 GC heap before
{Heap before GC invocations=1044 (full 0):
 PSYoungGen      total 324096K, used 323744K [0x000000076ad80000, 0x00000007bc300000, 0x00000007c0000000)
  eden space 323584K, 100% used [0x000000076ad80000,0x000000077e980000,0x000000077e980000)
  from space 512K, 31% used [0x00000007bc200000,0x00000007bc228000,0x00000007bc280000)
  to   space 512K, 0% used [0x00000007bc280000,0x00000007bc280000,0x00000007bc300000)
 ParOldGen       total 175104K, used 31772K [0x00000006c0800000, 0x00000006cb300000, 0x000000076ad80000)
  object space 175104K, 18% used [0x00000006c0800000,0x00000006c27070e0,0x00000006cb300000)
 Metaspace       used 5116K, capacity 5426K, committed 5632K, reserved 1056768K
  class space    used 585K, capacity 673K, committed 768K, reserved 1048576K
Event: 120.485 GC heap after
Heap after GC invocations=1044 (full 0):
 PSYoungGen      total 310784K, used 416K [0x000000076ad80000, 0x00000007bc300000, 0x00000007c0000000)
  eden space 310272K, 0% used [0x000000076ad80000,0x000000076ad80000,0x000000077dc80000)
  from space 512K, 81% used [0x00000007bc280000,0x00000007bc2e8000,0x00000007bc300000)
  to   space 512K, 0% used [0x00000007bc200000,0x00000007bc200000,0x00000007bc280000)
 ParOldGen       total 175104K, used 31772K [0x00000006c0800000, 0x00000006cb300000, 0x000000076ad80000)
  object space 175104K, 18% used [0x00000006c0800000,0x00000006c27070e0,0x00000006cb300000)
 Metaspace       used 5116K, capacity 5426K, committed 5632K, reserved 1056768K
  class space    used 585K, capacity 673K, committed 768K, reserved 1048576K
}
Event: 120.603 GC heap before
{Heap before GC invocations=1045 (full 0):
 PSYoungGen      total 310784K, used 310688K [0x000000076ad80000, 0x00000007bc300000, 0x00000007c0000000)
  eden space 310272K, 100% used [0x000000076ad80000,0x000000077dc80000,0x000000077dc80000)
  from space 512K, 81% used [0x00000007bc280000,0x00000007bc2e8000,0x00000007bc300000)
  to   space 512K, 0% used [0x00000007bc200000,0x00000007bc200000,0x00000007bc280000)
 ParOldGen       total 175104K, used 31772K [0x00000006c0800000, 0x00000006cb300000, 0x000000076ad80000)
  object space 175104K, 18% used [0x00000006c0800000,0x00000006c27070e0,0x00000006cb300000)
 Metaspace       used 5116K, capacity 5426K, committed 5632K, reserved 1056768K
  class space    used 585K, capacity 673K, committed 768K, reserved 1048576K
Event: 120.604 GC heap after
Heap after GC invocations=1045 (full 0):
 PSYoungGen      total 297984K, used 384K [0x000000076ad80000, 0x00000007bc300000, 0x00000007c0000000)
  eden space 297472K, 0% used [0x000000076ad80000,0x000000076ad80000,0x000000077d000000)
  from space 512K, 75% used [0x00000007bc200000,0x00000007bc260000,0x00000007bc280000)
  to   space 512K, 0% used [0x00000007bc280000,0x00000007bc280000,0x00000007bc300000)
 ParOldGen       total 175104K, used 31836K [0x00000006c0800000, 0x00000006cb300000, 0x000000076ad80000)
  object space 175104K, 18% used [0x00000006c0800000,0x00000006c27170e0,0x00000006cb300000)
 Metaspace       used 5116K, capacity 5426K, committed 5632K, reserved 1056768K
  class space    used 585K, capacity 673K, committed 768K, reserved 1048576K
}
Event: 120.674 GC heap before
{Heap before GC invocations=1046 (full 0):
 PSYoungGen      total 297984K, used 297856K [0x000000076ad80000, 0x00000007bc300000, 0x00000007c0000000)
  eden space 297472K, 100% used [0x000000076ad80000,0x000000077d000000,0x000000077d000000)
  from space 512K, 75% used [0x00000007bc200000,0x00000007bc260000,0x00000007bc280000)
  to   space 512K, 0% used [0x00000007bc280000,0x00000007bc280000,0x00000007bc300000)
 ParOldGen       total 175104K, used 31836K [0x00000006c0800000, 0x00000006cb300000, 0x000000076ad80000)
  object space 175104K, 18% used [0x00000006c0800000,0x00000006c27170e0,0x00000006cb300000)
 Metaspace       used 5116K, capacity 5426K, committed 5632K, reserved 1056768K
  class space    used 585K, capacity 673K, committed 768K, reserved 1048576K
Event: 120.675 GC heap after
Heap after GC invocations=1046 (full 0):
 PSYoungGen      total 286208K, used 320K [0x000000076ad80000, 0x00000007bc300000, 0x00000007c0000000)
  eden space 285696K, 0% used [0x000000076ad80000,0x000000076ad80000,0x000000077c480000)
  from space 512K, 62% used [0x00000007bc280000,0x00000007bc2d0000,0x00000007bc300000)
  to   space 512K, 0% used [0x00000007bc200000,0x00000007bc200000,0x00000007bc280000)
 ParOldGen       total 175104K, used 31916K [0x00000006c0800000, 0x00000006cb300000, 0x000000076ad80000)
  object space 175104K, 18% used [0x00000006c0800000,0x00000006c272b0e0,0x00000006cb300000)
 Metaspace       used 5116K, capacity 5426K, committed 5632K, reserved 1056768K
  class space    used 585K, capacity 673K, committed 768K, reserved 1048576K
}
Event: 120.801 GC heap before
{Heap before GC invocations=1047 (full 0):
 PSYoungGen      total 286208K, used 286016K [0x000000076ad80000, 0x00000007bc300000, 0x00000007c0000000)
  eden space 285696K, 100% used [0x000000076ad80000,0x000000077c480000,0x000000077c480000)
  from space 512K, 62% used [0x00000007bc280000,0x00000007bc2d0000,0x00000007bc300000)
  to   space 512K, 0% used [0x00000007bc200000,0x00000007bc200000,0x00000007bc280000)
 ParOldGen       total 175104K, used 31916K [0x00000006c0800000, 0x00000006cb300000, 0x000000076ad80000)
  object space 175104K, 18% used [0x00000006c0800000,0x00000006c272b0e0,0x00000006cb300000)
 Metaspace       used 5116K, capacity 5426K, committed 5632K, reserved 1056768K
  class space    used 585K, capacity 673K, committed 768K, reserved 1048576K
Event: 120.802 GC heap after
Heap after GC invocations=1047 (full 0):
 PSYoungGen      total 274944K, used 224K [0x000000076ad80000, 0x00000007bc300000, 0x00000007c0000000)
  eden space 274432K, 0% used [0x000000076ad80000,0x000000076ad80000,0x000000077b980000)
  from space 512K, 43% used [0x00000007bc200000,0x00000007bc238000,0x00000007bc280000)
  to   space 512K, 0% used [0x00000007bc280000,0x00000007bc280000,0x00000007bc300000)
 ParOldGen       total 175104K, used 31948K [0x00000006c0800000, 0x00000006cb300000, 0x000000076ad80000)
  object space 175104K, 18% used [0x00000006c0800000,0x00000006c27330e0,0x00000006cb300000)
 Metaspace       used 5116K, capacity 5426K, committed 5632K, reserved 1056768K
  class space    used 585K, capacity 673K, committed 768K, reserved 1048576K
}

